<?xml version="1.0" encoding="UTF-8"?>
<!-- Generated by org.testng.reporters.JUnitReportReporter -->
<testsuite hostname="SeenaReddy" failures="0" tests="1" name="runner.RunTestNGTest" time="7.573" errors="0" timestamp="2024-10-09T06:56:27 MDT" skipped="0">
  <testcase classname="runner.RunTestNGTest" name="runScenario" time="7.573"/>
</testsuite> <!-- runner.RunTestNGTest -->
